{
  "stats": {
    "ordinarySchools": 2952,
    "bachelorSchools": 1412,
    "vocationalSchools": 1540,
    "adultSchools": 244,
    "schoolEntities": 3196,
    "campusRecords": 6820,
    "positionedCampuses": 2799,
    "officialCampusAssociations": 209,
    "schoolsWithCampuses": 2955,
    "districtsWithCampuses": 1236,
    "districtPolygons": 2840,
    "districtsWithCandidates": 1238,
    "cityLabels": 344,
    "boundaryFiles": 363,
    "rawPOIRecords": 36694,
    "rejectedPOI": {
      "school_identity_unmatched": 10126,
      "excluded_non_campus": 20692,
      "duplicate": 3035,
      "ambiguous_cross_province": 30,
      "district_unresolved": 5
    },
    "unresolvedRegistryPlaces": [
      [
        "新星职业技术学院",
        "新疆维吾尔自治区",
        "新星市"
      ]
    ],
    "pointsAfterSimplification": 851820,
    "ordinarySchoolsWithLocations": 2934,
    "ordinarySchoolsWithoutLocations": 0,
    "ordinarySchoolsOnlyCityLocation": 0,
    "profileRecordsFetched": 2896,
    "profileLocationRecords": 4864,
    "historicalLocationRecords": 1856,
    "officialLocationRecords": 209,
    "profileLocationHints": 44,
    "addressesToReview": 1130,
    "profileRejections": {
      "profile_address_empty": 34
    },
    "districtAssociationRecords": 35,
    "districtAssociationSchools": 35,
    "ordinarySchoolsWithDistrictEvidence": 2934,
    "verifiedDistrictAssociationRecords": 4,
    "campusRecordsWithLowestLegalBoundary": 6156,
    "campusRecordsOnlyCityLocation": 664,
    "campusRecordsPendingBoundary": 2,
    "campusLocationGapsVerified": 0,
    "campusLocationGapsOfficial": 0,
    "campusLocationGapsGovernment": 0,
    "campusLocationGapsCorroborated": 0,
    "campusLocationGapsProfile": 664,
    "campusLocationGapsHistorical": 0,
    "ordinarySchoolsWithAnyLocationEvidence": 2934,
    "ordinarySchoolsWithCampusRecords": 2934,
    "ordinarySchoolsWithoutAnyLocationEvidence": 0,
    "ordinarySchoolsWithoutCampusRecords": 0,
    "ordinarySchoolsDistrictEvidenceOnly": 0,
    "resolvedInactiveOrdinarySchools": 18,
    "activeOrdinarySchools": 2934,
    "pendingNewHostCitySchools": 2,
    "pendingNewBoundarySchools": 2,
    "corroboratedLocationRecords": 28,
    "districtAssociationRawRecords": 36,
    "supersededDistrictAssociationRecords": 1,
    "ordinarySchoolsWithLowestLegalLocationEvidence": 2934,
    "terminalCityBoundaries": 34,
    "activeSchoolsAtTerminalCityBoundary": 38,
    "addressInferredCampusDistricts": 0,
    "exactAddressInheritedCampusDistricts": 59,
    "rankingFactRecords": 27,
    "rankingFactSchools": 10,
    "admissionFactRecords": 0,
    "admissionFactSchools": 0,
    "financeFactRecords": 0,
    "financeFactSchools": 0,
    "factResolutionIssues": 0
  },
  "coverage": [
    {
      "province": "北京市",
      "schools": 92,
      "registrySchools": 92,
      "inactiveSchools": 0,
      "locatedSchools": 92,
      "campusLocatedSchools": 92,
      "districtEvidenceOnly": 0,
      "missingSchools": 0,
      "pendingBoundarySchools": 0,
      "campuses": 209,
      "campusRecordsWithLowestLegalBoundary": 207,
      "campusLocationGaps": 2,
      "campusLocationGapsVerified": 0,
      "campusLocationGapsProfile": 2,
      "districtAssociations": 1,
      "districts": 15,
      "allDistricts": 16,
      "verifiedRecords": 6
    },
    {
      "province": "天津市",
      "schools": 57,
      "registrySchools": 57,
      "inactiveSchools": 0,
      "locatedSchools": 57,
      "campusLocatedSchools": 57,
      "districtEvidenceOnly": 0,
      "missingSchools": 0,
      "pendingBoundarySchools": 0,
      "campuses": 126,
      "campusRecordsWithLowestLegalBoundary": 119,
      "campusLocationGaps": 7,
      "campusLocationGapsVerified": 0,
      "campusLocationGapsProfile": 7,
      "districtAssociations": 0,
      "districts": 16,
      "allDistricts": 16,
      "verifiedRecords": 3
    },
    {
      "province": "河北省",
      "schools": 131,
      "registrySchools": 132,
      "inactiveSchools": 1,
      "locatedSchools": 131,
      "campusLocatedSchools": 131,
      "districtEvidenceOnly": 0,
      "missingSchools": 0,
      "pendingBoundarySchools": 0,
      "campuses": 345,
      "campusRecordsWithLowestLegalBoundary": 302,
      "campusLocationGaps": 43,
      "campusLocationGapsVerified": 0,
      "campusLocationGapsProfile": 43,
      "districtAssociations": 4,
      "districts": 66,
      "allDistricts": 167,
      "verifiedRecords": 4
    },
    {
      "province": "山西省",
      "schools": 84,
      "registrySchools": 84,
      "inactiveSchools": 0,
      "locatedSchools": 84,
      "campusLocatedSchools": 84,
      "districtEvidenceOnly": 0,
      "missingSchools": 0,
      "pendingBoundarySchools": 0,
      "campuses": 194,
      "campusRecordsWithLowestLegalBoundary": 165,
      "campusLocationGaps": 29,
      "campusLocationGapsVerified": 0,
      "campusLocationGapsProfile": 29,
      "districtAssociations": 2,
      "districts": 33,
      "allDistricts": 117,
      "verifiedRecords": 2
    },
    {
      "province": "内蒙古自治区",
      "schools": 52,
      "registrySchools": 54,
      "inactiveSchools": 2,
      "locatedSchools": 52,
      "campusLocatedSchools": 52,
      "districtEvidenceOnly": 0,
      "missingSchools": 0,
      "pendingBoundarySchools": 0,
      "campuses": 115,
      "campusRecordsWithLowestLegalBoundary": 98,
      "campusLocationGaps": 17,
      "campusLocationGapsVerified": 0,
      "campusLocationGapsProfile": 17,
      "districtAssociations": 0,
      "districts": 28,
      "allDistricts": 103,
      "verifiedRecords": 4
    },
    {
      "province": "辽宁省",
      "schools": 111,
      "registrySchools": 115,
      "inactiveSchools": 4,
      "locatedSchools": 111,
      "campusLocatedSchools": 111,
      "districtEvidenceOnly": 0,
      "missingSchools": 0,
      "pendingBoundarySchools": 0,
      "campuses": 237,
      "campusRecordsWithLowestLegalBoundary": 212,
      "campusLocationGaps": 25,
      "campusLocationGapsVerified": 0,
      "campusLocationGapsProfile": 25,
      "districtAssociations": 2,
      "districts": 49,
      "allDistricts": 100,
      "verifiedRecords": 8
    },
    {
      "province": "吉林省",
      "schools": 68,
      "registrySchools": 68,
      "inactiveSchools": 0,
      "locatedSchools": 68,
      "campusLocatedSchools": 68,
      "districtEvidenceOnly": 0,
      "missingSchools": 0,
      "pendingBoundarySchools": 0,
      "campuses": 166,
      "campusRecordsWithLowestLegalBoundary": 135,
      "campusLocationGaps": 31,
      "campusLocationGapsVerified": 0,
      "campusLocationGapsProfile": 31,
      "districtAssociations": 0,
      "districts": 28,
      "allDistricts": 60,
      "verifiedRecords": 1
    },
    {
      "province": "黑龙江省",
      "schools": 81,
      "registrySchools": 81,
      "inactiveSchools": 0,
      "locatedSchools": 81,
      "campusLocatedSchools": 81,
      "districtEvidenceOnly": 0,
      "missingSchools": 0,
      "pendingBoundarySchools": 0,
      "campuses": 149,
      "campusRecordsWithLowestLegalBoundary": 135,
      "campusLocationGaps": 14,
      "campusLocationGapsVerified": 0,
      "campusLocationGapsProfile": 14,
      "districtAssociations": 2,
      "districts": 37,
      "allDistricts": 122,
      "verifiedRecords": 3
    },
    {
      "province": "上海市",
      "schools": 67,
      "registrySchools": 69,
      "inactiveSchools": 2,
      "locatedSchools": 67,
      "campusLocatedSchools": 67,
      "districtEvidenceOnly": 0,
      "missingSchools": 0,
      "pendingBoundarySchools": 0,
      "campuses": 187,
      "campusRecordsWithLowestLegalBoundary": 182,
      "campusLocationGaps": 5,
      "campusLocationGapsVerified": 0,
      "campusLocationGapsProfile": 5,
      "districtAssociations": 0,
      "districts": 16,
      "allDistricts": 16,
      "verifiedRecords": 1
    },
    {
      "province": "江苏省",
      "schools": 174,
      "registrySchools": 175,
      "inactiveSchools": 1,
      "locatedSchools": 174,
      "campusLocatedSchools": 174,
      "districtEvidenceOnly": 0,
      "missingSchools": 0,
      "pendingBoundarySchools": 0,
      "campuses": 429,
      "campusRecordsWithLowestLegalBoundary": 379,
      "campusLocationGaps": 50,
      "campusLocationGapsVerified": 0,
      "campusLocationGapsProfile": 50,
      "districtAssociations": 1,
      "districts": 70,
      "allDistricts": 95,
      "verifiedRecords": 19
    },
    {
      "province": "浙江省",
      "schools": 111,
      "registrySchools": 111,
      "inactiveSchools": 0,
      "locatedSchools": 111,
      "campusLocatedSchools": 111,
      "districtEvidenceOnly": 0,
      "missingSchools": 0,
      "pendingBoundarySchools": 0,
      "campuses": 286,
      "campusRecordsWithLowestLegalBoundary": 263,
      "campusLocationGaps": 23,
      "campusLocationGapsVerified": 0,
      "campusLocationGapsProfile": 23,
      "districtAssociations": 0,
      "districts": 62,
      "allDistricts": 90,
      "verifiedRecords": 20
    },
    {
      "province": "安徽省",
      "schools": 126,
      "registrySchools": 126,
      "inactiveSchools": 0,
      "locatedSchools": 126,
      "campusLocatedSchools": 126,
      "districtEvidenceOnly": 0,
      "missingSchools": 0,
      "pendingBoundarySchools": 0,
      "campuses": 288,
      "campusRecordsWithLowestLegalBoundary": 230,
      "campusLocationGaps": 58,
      "campusLocationGapsVerified": 0,
      "campusLocationGapsProfile": 58,
      "districtAssociations": 1,
      "districts": 53,
      "allDistricts": 104,
      "verifiedRecords": 6
    },
    {
      "province": "福建省",
      "schools": 90,
      "registrySchools": 90,
      "inactiveSchools": 0,
      "locatedSchools": 90,
      "campusLocatedSchools": 90,
      "districtEvidenceOnly": 0,
      "missingSchools": 0,
      "pendingBoundarySchools": 0,
      "campuses": 208,
      "campusRecordsWithLowestLegalBoundary": 196,
      "campusLocationGaps": 12,
      "campusLocationGapsVerified": 0,
      "campusLocationGapsProfile": 12,
      "districtAssociations": 0,
      "districts": 47,
      "allDistricts": 84,
      "verifiedRecords": 11
    },
    {
      "province": "江西省",
      "schools": 120,
      "registrySchools": 120,
      "inactiveSchools": 0,
      "locatedSchools": 120,
      "campusLocatedSchools": 120,
      "districtEvidenceOnly": 0,
      "missingSchools": 0,
      "pendingBoundarySchools": 0,
      "campuses": 272,
      "campusRecordsWithLowestLegalBoundary": 226,
      "campusLocationGaps": 46,
      "campusLocationGapsVerified": 0,
      "campusLocationGapsProfile": 46,
      "districtAssociations": 3,
      "districts": 44,
      "allDistricts": 100,
      "verifiedRecords": 1
    },
    {
      "province": "山东省",
      "schools": 170,
      "registrySchools": 171,
      "inactiveSchools": 1,
      "locatedSchools": 170,
      "campusLocatedSchools": 170,
      "districtEvidenceOnly": 0,
      "missingSchools": 0,
      "pendingBoundarySchools": 0,
      "campuses": 412,
      "campusRecordsWithLowestLegalBoundary": 366,
      "campusLocationGaps": 46,
      "campusLocationGapsVerified": 0,
      "campusLocationGapsProfile": 46,
      "districtAssociations": 5,
      "districts": 82,
      "allDistricts": 136,
      "verifiedRecords": 19
    },
    {
      "province": "河南省",
      "schools": 182,
      "registrySchools": 182,
      "inactiveSchools": 0,
      "locatedSchools": 182,
      "campusLocatedSchools": 182,
      "districtEvidenceOnly": 0,
      "missingSchools": 0,
      "pendingBoundarySchools": 0,
      "campuses": 427,
      "campusRecordsWithLowestLegalBoundary": 365,
      "campusLocationGaps": 62,
      "campusLocationGapsVerified": 0,
      "campusLocationGapsProfile": 62,
      "districtAssociations": 3,
      "districts": 82,
      "allDistricts": 157,
      "verifiedRecords": 25
    },
    {
      "province": "湖北省",
      "schools": 134,
      "registrySchools": 134,
      "inactiveSchools": 0,
      "locatedSchools": 134,
      "campusLocatedSchools": 134,
      "districtEvidenceOnly": 0,
      "missingSchools": 0,
      "pendingBoundarySchools": 0,
      "campuses": 262,
      "campusRecordsWithLowestLegalBoundary": 232,
      "campusLocationGaps": 30,
      "campusLocationGapsVerified": 0,
      "campusLocationGapsProfile": 30,
      "districtAssociations": 0,
      "districts": 48,
      "allDistricts": 103,
      "verifiedRecords": 5
    },
    {
      "province": "湖南省",
      "schools": 147,
      "registrySchools": 148,
      "inactiveSchools": 1,
      "locatedSchools": 147,
      "campusLocatedSchools": 147,
      "districtEvidenceOnly": 0,
      "missingSchools": 0,
      "pendingBoundarySchools": 0,
      "campuses": 307,
      "campusRecordsWithLowestLegalBoundary": 299,
      "campusLocationGaps": 8,
      "campusLocationGapsVerified": 0,
      "campusLocationGapsProfile": 8,
      "districtAssociations": 1,
      "districts": 52,
      "allDistricts": 122,
      "verifiedRecords": 20
    },
    {
      "province": "广东省",
      "schools": 165,
      "registrySchools": 167,
      "inactiveSchools": 2,
      "locatedSchools": 165,
      "campusLocatedSchools": 165,
      "districtEvidenceOnly": 0,
      "missingSchools": 0,
      "pendingBoundarySchools": 0,
      "campuses": 433,
      "campusRecordsWithLowestLegalBoundary": 417,
      "campusLocationGaps": 16,
      "campusLocationGapsVerified": 0,
      "campusLocationGapsProfile": 16,
      "districtAssociations": 1,
      "districts": 68,
      "allDistricts": 124,
      "verifiedRecords": 14
    },
    {
      "province": "广西壮族自治区",
      "schools": 93,
      "registrySchools": 93,
      "inactiveSchools": 0,
      "locatedSchools": 93,
      "campusLocatedSchools": 93,
      "districtEvidenceOnly": 0,
      "missingSchools": 0,
      "pendingBoundarySchools": 0,
      "campuses": 226,
      "campusRecordsWithLowestLegalBoundary": 201,
      "campusLocationGaps": 25,
      "campusLocationGapsVerified": 0,
      "campusLocationGapsProfile": 25,
      "districtAssociations": 4,
      "districts": 41,
      "allDistricts": 111,
      "verifiedRecords": 2
    },
    {
      "province": "海南省",
      "schools": 29,
      "registrySchools": 29,
      "inactiveSchools": 0,
      "locatedSchools": 29,
      "campusLocatedSchools": 29,
      "districtEvidenceOnly": 0,
      "missingSchools": 0,
      "pendingBoundarySchools": 0,
      "campuses": 48,
      "campusRecordsWithLowestLegalBoundary": 46,
      "campusLocationGaps": 2,
      "campusLocationGapsVerified": 0,
      "campusLocationGapsProfile": 2,
      "districtAssociations": 0,
      "districts": 15,
      "allDistricts": 26,
      "verifiedRecords": 1
    },
    {
      "province": "重庆市",
      "schools": 77,
      "registrySchools": 77,
      "inactiveSchools": 0,
      "locatedSchools": 77,
      "campusLocatedSchools": 77,
      "districtEvidenceOnly": 0,
      "missingSchools": 0,
      "pendingBoundarySchools": 0,
      "campuses": 170,
      "campusRecordsWithLowestLegalBoundary": 163,
      "campusLocationGaps": 7,
      "campusLocationGapsVerified": 0,
      "campusLocationGapsProfile": 7,
      "districtAssociations": 2,
      "districts": 24,
      "allDistricts": 38,
      "verifiedRecords": 3
    },
    {
      "province": "四川省",
      "schools": 146,
      "registrySchools": 146,
      "inactiveSchools": 0,
      "locatedSchools": 146,
      "campusLocatedSchools": 146,
      "districtEvidenceOnly": 0,
      "missingSchools": 0,
      "pendingBoundarySchools": 0,
      "campuses": 361,
      "campusRecordsWithLowestLegalBoundary": 329,
      "campusLocationGaps": 32,
      "campusLocationGapsVerified": 0,
      "campusLocationGapsProfile": 32,
      "districtAssociations": 1,
      "districts": 78,
      "allDistricts": 183,
      "verifiedRecords": 12
    },
    {
      "province": "贵州省",
      "schools": 80,
      "registrySchools": 80,
      "inactiveSchools": 0,
      "locatedSchools": 80,
      "campusLocatedSchools": 80,
      "districtEvidenceOnly": 0,
      "missingSchools": 0,
      "pendingBoundarySchools": 0,
      "campuses": 173,
      "campusRecordsWithLowestLegalBoundary": 163,
      "campusLocationGaps": 10,
      "campusLocationGapsVerified": 0,
      "campusLocationGapsProfile": 10,
      "districtAssociations": 0,
      "districts": 28,
      "allDistricts": 88,
      "verifiedRecords": 2
    },
    {
      "province": "云南省",
      "schools": 90,
      "registrySchools": 91,
      "inactiveSchools": 1,
      "locatedSchools": 90,
      "campusLocatedSchools": 90,
      "districtEvidenceOnly": 0,
      "missingSchools": 0,
      "pendingBoundarySchools": 0,
      "campuses": 198,
      "campusRecordsWithLowestLegalBoundary": 186,
      "campusLocationGaps": 12,
      "campusLocationGapsVerified": 0,
      "campusLocationGapsProfile": 12,
      "districtAssociations": 0,
      "districts": 33,
      "allDistricts": 129,
      "verifiedRecords": 5
    },
    {
      "province": "西藏自治区",
      "schools": 7,
      "registrySchools": 7,
      "inactiveSchools": 0,
      "locatedSchools": 7,
      "campusLocatedSchools": 7,
      "districtEvidenceOnly": 0,
      "missingSchools": 0,
      "pendingBoundarySchools": 0,
      "campuses": 16,
      "campusRecordsWithLowestLegalBoundary": 13,
      "campusLocationGaps": 3,
      "campusLocationGapsVerified": 0,
      "campusLocationGapsProfile": 3,
      "districtAssociations": 1,
      "districts": 3,
      "allDistricts": 74,
      "verifiedRecords": 0
    },
    {
      "province": "陕西省",
      "schools": 97,
      "registrySchools": 99,
      "inactiveSchools": 2,
      "locatedSchools": 97,
      "campusLocatedSchools": 97,
      "districtEvidenceOnly": 0,
      "missingSchools": 0,
      "pendingBoundarySchools": 0,
      "campuses": 244,
      "campusRecordsWithLowestLegalBoundary": 221,
      "campusLocationGaps": 23,
      "campusLocationGapsVerified": 0,
      "campusLocationGapsProfile": 23,
      "districtAssociations": 0,
      "districts": 36,
      "allDistricts": 107,
      "verifiedRecords": 6
    },
    {
      "province": "甘肃省",
      "schools": 49,
      "registrySchools": 49,
      "inactiveSchools": 0,
      "locatedSchools": 49,
      "campusLocatedSchools": 49,
      "districtEvidenceOnly": 0,
      "missingSchools": 0,
      "pendingBoundarySchools": 0,
      "campuses": 110,
      "campusRecordsWithLowestLegalBoundary": 99,
      "campusLocationGaps": 11,
      "campusLocationGapsVerified": 0,
      "campusLocationGapsProfile": 11,
      "districtAssociations": 0,
      "districts": 25,
      "allDistricts": 87,
      "verifiedRecords": 1
    },
    {
      "province": "青海省",
      "schools": 13,
      "registrySchools": 13,
      "inactiveSchools": 0,
      "locatedSchools": 13,
      "campusLocatedSchools": 13,
      "districtEvidenceOnly": 0,
      "missingSchools": 0,
      "pendingBoundarySchools": 0,
      "campuses": 28,
      "campusRecordsWithLowestLegalBoundary": 22,
      "campusLocationGaps": 6,
      "campusLocationGapsVerified": 0,
      "campusLocationGapsProfile": 6,
      "districtAssociations": 0,
      "districts": 8,
      "allDistricts": 45,
      "verifiedRecords": 0
    },
    {
      "province": "宁夏回族自治区",
      "schools": 24,
      "registrySchools": 24,
      "inactiveSchools": 0,
      "locatedSchools": 24,
      "campusLocatedSchools": 24,
      "districtEvidenceOnly": 0,
      "missingSchools": 0,
      "pendingBoundarySchools": 0,
      "campuses": 47,
      "campusRecordsWithLowestLegalBoundary": 46,
      "campusLocationGaps": 1,
      "campusLocationGapsVerified": 0,
      "campusLocationGapsProfile": 1,
      "districtAssociations": 1,
      "districts": 10,
      "allDistricts": 22,
      "verifiedRecords": 0
    },
    {
      "province": "新疆维吾尔自治区",
      "schools": 67,
      "registrySchools": 68,
      "inactiveSchools": 1,
      "locatedSchools": 67,
      "campusLocatedSchools": 67,
      "districtEvidenceOnly": 0,
      "missingSchools": 0,
      "pendingBoundarySchools": 2,
      "campuses": 147,
      "campusRecordsWithLowestLegalBoundary": 139,
      "campusLocationGaps": 8,
      "campusLocationGapsVerified": 0,
      "campusLocationGapsProfile": 8,
      "districtAssociations": 0,
      "districts": 41,
      "allDistricts": 106,
      "verifiedRecords": 5
    },
    {
      "province": "台湾省",
      "schools": 0,
      "registrySchools": 0,
      "inactiveSchools": 0,
      "locatedSchools": 0,
      "campusLocatedSchools": 0,
      "districtEvidenceOnly": 0,
      "missingSchools": 0,
      "pendingBoundarySchools": 0,
      "campuses": 0,
      "campusRecordsWithLowestLegalBoundary": 0,
      "campusLocationGaps": 0,
      "campusLocationGapsVerified": 0,
      "campusLocationGapsProfile": 0,
      "districtAssociations": 0,
      "districts": 0,
      "allDistricts": 0,
      "verifiedRecords": 0
    },
    {
      "province": "香港特别行政区",
      "schools": 0,
      "registrySchools": 0,
      "inactiveSchools": 0,
      "locatedSchools": 0,
      "campusLocatedSchools": 0,
      "districtEvidenceOnly": 0,
      "missingSchools": 0,
      "pendingBoundarySchools": 0,
      "campuses": 0,
      "campusRecordsWithLowestLegalBoundary": 0,
      "campusLocationGaps": 0,
      "campusLocationGapsVerified": 0,
      "campusLocationGapsProfile": 0,
      "districtAssociations": 0,
      "districts": 0,
      "allDistricts": 18,
      "verifiedRecords": 0
    },
    {
      "province": "澳门特别行政区",
      "schools": 0,
      "registrySchools": 0,
      "inactiveSchools": 0,
      "locatedSchools": 0,
      "campusLocatedSchools": 0,
      "districtEvidenceOnly": 0,
      "missingSchools": 0,
      "pendingBoundarySchools": 0,
      "campuses": 0,
      "campusRecordsWithLowestLegalBoundary": 0,
      "campusLocationGaps": 0,
      "campusLocationGapsVerified": 0,
      "campusLocationGapsProfile": 0,
      "districtAssociations": 0,
      "districts": 0,
      "allDistricts": 8,
      "verifiedRecords": 0
    }
  ],
  "gaps": {
    "activeMissingAnyLocationEvidence": 0,
    "activeCityOnlyLocation": 0,
    "activeWithoutCampusRecords": 0,
    "districtEvidenceOnlySchools": 0,
    "campusRecordsOnlyCityLocation": 664,
    "pendingNewBoundarySchools": 2,
    "resolvedInactiveOrdinarySchools": 18
  }
}
